user_005,2291,137
user_008,2770,142
user_007,2035,150
user_004,2040,159
user_002,2139,151
user_003,2030,167
user_004,2139,159
user_018,2291,168
user_014,2608,133
user_011,2034,168
user_017,2006,170
user_020,2196,138
user_019,2094,167
user_018,2955,145
user_025,2008,151
user_026,2099,151
user_028,2107,130
user_029,2026,138
user_027,2009,159
user_030,2285,143
user_031,2124,174
user_038,2037,162
user_036,2030,163
user_040,2137,208
user_032,2098,160
user_037,2631,138
user_043,2095,153
user_041,2137,184
user_034,2014,150
user_045,2021,189
user_047,2036,149
user_042,2040,176
user_042,2059,176
user_044,2002,177
user_034,2032,155
user_033,2033,165
user_022,2025,170
user_016,2138,192
user_041,2289,162
user_046,2045,162
user_045,2035,169
user_045,2020,181
user_039,2599,140
