user_007,1764,149
user_004,1769,147
user_005,2020,140
user_002,1868,162
user_008,2499,142
user_003,1759,165
user_004,1868,162
user_011,1763,159
user_014,2337,133
user_018,2020,168
user_017,1735,145
user_020,1925,138
user_025,1737,144
user_019,1823,183
user_026,1828,150
user_028,1836,130
user_018,2684,145
user_029,1755,138
user_030,2014,141
user_032,1827,172
user_027,1738,161
user_031,1853,161
user_036,1759,148
user_034,1743,151
user_040,1866,186
user_042,1769,171
user_039,2328,139
user_037,2360,138
user_043,1824,151
user_045,1750,178
user_041,1866,193
user_047,1765,151
user_034,1761,140
user_042,1788,176
user_044,1731,178
user_016,1867,175
user_033,1762,167
user_046,1774,168
user_045,1764,161
user_045,1749,169
user_041,2018,141
user_022,1754,157
user_001,2032,135
user_002,1775,194
user_004,1786,140
user_007,1840,132
user_005,1791,173
user_006,2118,148
user_003,1765,138
user_008,2717,182
user_009,2333,134
user_010,1745,148
user_011,1988,135
user_012,1762,142
user_018,2802,136
user_020,2338,131
user_015,2336,128
user_030,1783,165
user_031,2365,133
user_032,1756,177
user_033,2021,146
user_034,1756,166
user_001,2303,136
user_002,2046,178
user_004,2057,154
user_007,2111,131
user_005,2062,178
user_006,2389,152
user_003,2036,130
user_008,2988,170
user_009,2604,131
user_010,2016,141
user_011,2259,131
user_012,2033,144
user_018,3073,133
user_020,2609,137
user_015,2607,128
user_030,2054,158
user_031,2636,134
user_032,2027,163
user_033,2292,146
user_034,2027,166
